# JRE version: OpenJDK Runtime Environment Temurin-17.0.7+7 (17.0.7+7) (build 17.0.7+7)
# Java VM: OpenJDK 64-Bit Server VM Temurin-17.0.7+7 (17.0.7+7, mixed mode, emulated-client, tiered, compressed oops, compressed class ptrs, g1 gc, windows-amd64)
GC Precious Log:
 CPUs: 8 total, 8 available
 Memory: 8042M
 Large Page Support: Disabled
 NUMA Support: Disabled
 Compressed Oops: Enabled (32-bit)
 Heap Region Size: 1M
 Heap Min Capacity: 8M
 Heap Initial Capacity: 126M
 Heap Max Capacity: 2012M
 Pre-touch: Disabled
 Parallel Workers: 8
 Concurrent Workers: 2
 Concurrent Refinement Workers: 8
 Periodic GC: Disabled
Heap:
 garbage-first heap   total 49152K, used 27382K [0x0000000082400000, 0x0000000100000000)
  region size 1024K, 3 young (3072K), 2 survivors (2048K)
 Metaspace       used 63754K, committed 64128K, reserved 1114112K
  class space    used 8741K, committed 8896K, reserved 1048576K
GC Heap History (20 events):
Event: 47.158 GC heap before
{Heap before GC invocations=12 (full 0):
 garbage-first heap   total 40960K, used 30603K [0x0000000082400000, 0x0000000100000000)
  region size 1024K, 16 young (16384K), 3 survivors (3072K)
 Metaspace       used 39007K, committed 39296K, reserved 1114112K
  class space    used 5030K, committed 5184K, reserved 1048576K
}
Event: 47.166 GC heap after
{Heap after GC invocations=13 (full 0):
 garbage-first heap   total 40960K, used 19094K [0x0000000082400000, 0x0000000100000000)
  region size 1024K, 1 young (1024K), 1 survivors (1024K)
 Metaspace       used 39007K, committed 39296K, reserved 1114112K
  class space    used 5030K, committed 5184K, reserved 1048576K
}
Event: 48.348 GC heap before
{Heap before GC invocations=13 (full 0):
 garbage-first heap   total 40960K, used 31382K [0x0000000082400000, 0x0000000100000000)
  region size 1024K, 14 young (14336K), 1 survivors (1024K)
 Metaspace       used 43114K, committed 43520K, reserved 1114112K
  class space    used 5503K, committed 5696K, reserved 1048576K
}
Event: 48.353 GC heap after
{Heap after GC invocations=14 (full 0):
 garbage-first heap   total 49152K, used 20446K [0x0000000082400000, 0x0000000100000000)
  region size 1024K, 2 young (2048K), 2 survivors (2048K)
 Metaspace       used 43114K, committed 43520K, reserved 1114112K
  class space    used 5503K, committed 5696K, reserved 1048576K
}
Event: 49.479 GC heap before
{Heap before GC invocations=14 (full 0):
 garbage-first heap   total 49152K, used 37854K [0x0000000082400000, 0x0000000100000000)
  region size 1024K, 19 young (19456K), 2 survivors (2048K)
 Metaspace       used 46807K, committed 47104K, reserved 1114112K
  class space    used 5988K, committed 6144K, reserved 1048576K
}
Event: 49.485 GC heap after
{Heap after GC invocations=15 (full 0):
 garbage-first heap   total 49152K, used 21373K [0x0000000082400000, 0x0000000100000000)
  region size 1024K, 3 young (3072K), 3 survivors (3072K)
 Metaspace       used 46807K, committed 47104K, reserved 1114112K
  class space    used 5988K, committed 6144K, reserved 1048576K
}
Event: 50.733 GC heap before
{Heap before GC invocations=15 (full 0):
 garbage-first heap   total 49152K, used 36733K [0x0000000082400000, 0x0000000100000000)
  region size 1024K, 19 young (19456K), 3 survivors (3072K)
 Metaspace       used 51248K, committed 51584K, reserved 1114112K
  class space    used 6802K, committed 6976K, reserved 1048576K
}
Event: 50.739 GC heap after
{Heap after GC invocations=16 (full 0):
 garbage-first heap   total 49152K, used 22422K [0x0000000082400000, 0x0000000100000000)
  region size 1024K, 2 young (2048K), 2 survivors (2048K)
 Metaspace       used 51248K, committed 51584K, reserved 1114112K
  class space    used 6802K, committed 6976K, reserved 1048576K
}
Event: 51.792 GC heap before
{Heap before GC invocations=16 (full 0):
 garbage-first heap   total 49152K, used 38806K [0x0000000082400000, 0x0000000100000000)
  region size 1024K, 18 young (18432K), 2 survivors (2048K)
 Metaspace       used 54889K, committed 55296K, reserved 1114112K
  class space    used 7290K, committed 7488K, reserved 1048576K
}
Event: 51.798 GC heap after
{Heap after GC invocations=17 (full 0):
 garbage-first heap   total 49152K, used 23456K [0x0000000082400000, 0x0000000100000000)
  region size 1024K, 2 young (2048K), 2 survivors (2048K)
 Metaspace       used 54889K, committed 55296K, reserved 1114112K
  class space    used 7290K, committed 7488K, reserved 1048576K
}
Event: 52.686 GC heap before
{Heap before GC invocations=17 (full 0):
 garbage-first heap   total 49152K, used 38816K [0x0000000082400000, 0x0000000100000000)
  region size 1024K, 17 young (17408K), 2 survivors (2048K)
 Metaspace       used 57885K, committed 58304K, reserved 1114112K
  class space    used 7854K, committed 8064K, reserved 1048576K
}
Event: 52.691 GC heap after
{Heap after GC invocations=18 (full 0):
 garbage-first heap   total 49152K, used 23851K [0x0000000082400000, 0x0000000100000000)
  region size 1024K, 2 young (2048K), 2 survivors (2048K)
 Metaspace       used 57885K, committed 58304K, reserved 1114112K
  class space    used 7854K, committed 8064K, reserved 1048576K
}
Event: 53.557 GC heap before
{Heap before GC invocations=19 (full 0):
 garbage-first heap   total 49152K, used 40235K [0x0000000082400000, 0x0000000100000000)
  region size 1024K, 18 young (18432K), 2 survivors (2048K)
 Metaspace       used 59822K, committed 60160K, reserved 1114112K
  class space    used 8167K, committed 8320K, reserved 1048576K
}
Event: 53.563 GC heap after
{Heap after GC invocations=20 (full 0):
 garbage-first heap   total 49152K, used 25192K [0x0000000082400000, 0x0000000100000000)
  region size 1024K, 3 young (3072K), 3 survivors (3072K)
 Metaspace       used 59822K, committed 60160K, reserved 1114112K
  class space    used 8167K, committed 8320K, reserved 1048576K
}
Event: 54.115 GC heap before
{Heap before GC invocations=20 (full 0):
 garbage-first heap   total 49152K, used 40552K [0x0000000082400000, 0x0000000100000000)
  region size 1024K, 18 young (18432K), 3 survivors (3072K)
 Metaspace       used 61720K, committed 62080K, reserved 1114112K
  class space    used 8440K, committed 8640K, reserved 1048576K
}
Event: 54.123 GC heap after
{Heap after GC invocations=21 (full 0):
 garbage-first heap   total 49152K, used 26066K [0x0000000082400000, 0x0000000100000000)
  region size 1024K, 3 young (3072K), 3 survivors (3072K)
 Metaspace       used 61720K, committed 62080K, reserved 1114112K
  class space    used 8440K, committed 8640K, reserved 1048576K
}
Event: 54.709 GC heap before
{Heap before GC invocations=22 (full 0):
 garbage-first heap   total 49152K, used 39378K [0x0000000082400000, 0x0000000100000000)
  region size 1024K, 16 young (16384K), 3 survivors (3072K)
 Metaspace       used 62924K, committed 63296K, reserved 1114112K
  class space    used 8619K, committed 8768K, reserved 1048576K
}
Event: 54.715 GC heap after
{Heap after GC invocations=23 (full 0):
 garbage-first heap   total 49152K, used 26960K [0x0000000082400000, 0x0000000100000000)
  region size 1024K, 2 young (2048K), 2 survivors (2048K)
 Metaspace       used 62924K, committed 63296K, reserved 1114112K
  class space    used 8619K, committed 8768K, reserved 1048576K
}
Event: 55.017 GC heap before
{Heap before GC invocations=23 (full 0):
 garbage-first heap   total 49152K, used 40272K [0x0000000082400000, 0x0000000100000000)
  region size 1024K, 15 young (15360K), 2 survivors (2048K)
 Metaspace       used 63630K, committed 64000K, reserved 1114112K
  class space    used 8721K, committed 8896K, reserved 1048576K
}
Event: 55.022 GC heap after
{Heap after GC invocations=24 (full 0):
 garbage-first heap   total 49152K, used 27382K [0x0000000082400000, 0x0000000100000000)
  region size 1024K, 2 young (2048K), 2 survivors (2048K)
 Metaspace       used 63630K, committed 64000K, reserved 1114112K
  class space    used 8721K, committed 8896K, reserved 1048576K
}

